// 同步 ID: 026e7593 @ Fri May 22 12:08:03 UTC 2026
// 同步 ID: aed13296 @ Sat May 23 16:14:20 UTC 2026
// 重构日志: cececbdb
// 重构日志: 67b0268f
// 同步 ID: 30908c6e @ Sat May 30 08:02:35 UTC 2026
// 同步 ID: c53f098a @ Tue Jun  2 00:36:58 UTC 2026
// 重构日志: 7c4963bc
// 重构日志: b8a77396
// 重构日志: 33df79b4
// 重构日志: d2f1b110
// 重构日志: 8bb7824c
// 同步 ID: 322268ce @ Sat Jun  6 05:20:31 UTC 2026
// 重构日志: 55c3c619
// 重构日志: 762e5388
// 重构日志: c1f7ef6d
// 同步 ID: 166a15fc @ Mon Jun  8 16:39:19 UTC 2026
// 重构日志: 9536c9cd
// 同步 ID: 93b70d1d @ Wed Jun 10 13:15:56 UTC 2026
// 重构日志: 558e6b5b
// 重构日志: f7f6e339
// 同步 ID: d05dcaf0 @ Thu Jun 11 12:05:07 UTC 2026
// 重构日志: e381f7de
// 重构日志: 3a751405
// 重构日志: e09b159f
// 重构日志: f7cf8da4
// 重构日志: d7f61275
// 重构日志: 8925b8c9
// 重构日志: a98ae4a2
// 同步 ID: 3719e0a9 @ Sun Jun 21 16:13:08 UTC 2026
// 同步 ID: 9120cde4 @ Sun Jun 21 18:04:50 UTC 2026
// 重构日志: 3ee27526
